This file contains any messages produced by compilers while
running configure, to aid debugging if configure makes a mistake.

configure:732: checking host system type
configure:753: checking target system type
configure:771: checking build system type
configure:831: checking for mawk
configure:831: checking for gawk
configure:831: checking for nawk
configure:831: checking for awk
configure:1888: checking for gcc
configure:2001: checking whether the C compiler (gcc  ) works
configure:2017: gcc -o conftest    conftest.c  1>&5
configure:2043: checking whether the C compiler (gcc  ) is a cross-compiler
configure:2048: checking whether we are using GNU C
configure:2057: gcc -E conftest.c
configure:2076: checking whether gcc accepts -g
configure:2112: checking for c++
configure:2144: checking whether the C++ compiler (g++  ) works
configure:2160: g++ -o conftest    conftest.C  1>&5
configure:2186: checking whether the C++ compiler (g++  ) is a cross-compiler
configure:2191: checking whether we are using GNU C++
configure:2200: g++ -E conftest.C
configure:2219: checking whether g++ accepts -g
configure:2253: checking for ranlib
configure:2285: checking for as
configure:2339: checking for ar
configure:2374: checking for ld
configure:2409: checking for strip
configure:2444: checking for windres
configure:2783: checking whether gcc and cc understand -c and -o together
configure:2798: gcc -c conftest.c -o conftest.o 1>&5
configure:2799: gcc -c conftest.c -o conftest.o 1>&5
configure:2804: cc -c conftest.c 1>&5
configure:2806: cc -c conftest.c -o conftest.o 1>&5
configure:2807: cc -c conftest.c -o conftest.o 1>&5
configure:2843: checking how to run the C preprocessor
configure:2923: checking how to run the C++ preprocessor
configure:3041: checking for a BSD compatible install
configure:3094: checking whether ln -s works
configure:3119: checking for perl5
configure:3119: checking for perl
configure:3173: checking for minimum required perl version >= 5.006
configure:3184: checking for full perl installation
configure:3199: checking for python
configure:3259: checking for doxygen
configure:3308: checking for whoami
configure:3357: checking for autoconf
configure:3406: checking for unzip
configure:3457: checking for zip
configure:3511: checking for makedepend
configure:3559: checking for xargs
configure:3633: checking for pbbuild
configure:3633: checking for xcodebuild
configure:3696: checking for sdp
configure:3903: checking for gmake
configure:3903: checking for make
configure:3962: checking for X
configure:4029: gcc -E  conftest.c >/dev/null 2>conftest.out
configure:4105: gcc -o conftest    conftest.c -lXt  1>&5
ld: library not found for -lXt
collect2: ld returned 1 exit status
configure: failed program was:
#line 4098 "configure"
#include "confdefs.h"

int main() {
XtMalloc()
; return 0; }
configure:5228: checking whether the compiler supports -Wno-invalid-offsetof
configure:5251: g++ -c  -fno-strict-aliasing -Wno-invalid-offsetof  conftest.C 1>&5
configure:5278: checking whether the compiler supports -Wno-variadic-macros
configure:5301: g++ -c  -fno-strict-aliasing -Wno-variadic-macros  conftest.C 1>&5
configure:5336: checking whether ld has archive extraction flags
configure:5360: gcc -o conftest  -fno-strict-aliasing  -Wl,--whole-archive conftest.c -Wl,--no-whole-archive 1>&5
ld: unknown option: --whole-archive
collect2: ld returned 1 exit status
configure: failed program was:
#line 5353 "configure"
#include "confdefs.h"

int main() {

; return 0; }
configure:5360: gcc -o conftest  -fno-strict-aliasing  -Wl,-z -Wl,allextract conftest.c -Wl,-z -Wl,defaultextract 1>&5
ld: unknown option: -z
collect2: ld returned 1 exit status
configure: failed program was:
#line 5353 "configure"
#include "confdefs.h"

int main() {

; return 0; }
configure:5360: gcc -o conftest  -fno-strict-aliasing  -Wl,-all conftest.c -Wl,-none 1>&5
ld: unknown option: -all
collect2: ld returned 1 exit status
configure: failed program was:
#line 5353 "configure"
#include "confdefs.h"

int main() {

; return 0; }
configure:5393: checking that static assertion macros used in autoconf tests work
configure:5414: gcc -c  -fno-strict-aliasing  conftest.c 1>&5
configure:5431: gcc -c  -fno-strict-aliasing  conftest.c 1>&5
configure: In function 'main':
configure:5432: error: size of array 'static_assert_line_5431' is negative
configure: failed program was:
#line 5424 "configure"
#include "confdefs.h"

#define CONFIGURE_STATIC_ASSERT(condition) CONFIGURE_STATIC_ASSERT_IMPL(condition, __LINE__)
#define CONFIGURE_STATIC_ASSERT_IMPL(condition, line) CONFIGURE_STATIC_ASSERT_IMPL2(condition, line)
#define CONFIGURE_STATIC_ASSERT_IMPL2(condition, line) typedef int static_assert_line_##line[(condition) ? 1 : -1]

int main() {
CONFIGURE_STATIC_ASSERT(0)
; return 0; }
configure:5454: g++ -c  -fno-strict-aliasing  conftest.C 1>&5
configure:5471: g++ -c  -fno-strict-aliasing  conftest.C 1>&5
configure: In function 'int main()':
configure:5471: error: size of array 'static_assert_line_5471' is negative
configure: failed program was:
#line 5464 "configure"
#include "confdefs.h"

#define CONFIGURE_STATIC_ASSERT(condition) CONFIGURE_STATIC_ASSERT_IMPL(condition, __LINE__)
#define CONFIGURE_STATIC_ASSERT_IMPL(condition, line) CONFIGURE_STATIC_ASSERT_IMPL2(condition, line)
#define CONFIGURE_STATIC_ASSERT_IMPL2(condition, line) typedef int static_assert_line_##line[(condition) ? 1 : -1]

int main() {
CONFIGURE_STATIC_ASSERT(0)
; return 0; }
configure:5505: checking for 64-bit OS
configure:5514: gcc -c  -fno-strict-aliasing  conftest.c 1>&5
configure: In function 'main':
configure:5515: error: size of array 'static_assert_line_5514' is negative
configure: failed program was:
#line 5507 "configure"
#include "confdefs.h"

#define CONFIGURE_STATIC_ASSERT(condition) CONFIGURE_STATIC_ASSERT_IMPL(condition, __LINE__)
#define CONFIGURE_STATIC_ASSERT_IMPL(condition, line) CONFIGURE_STATIC_ASSERT_IMPL2(condition, line)
#define CONFIGURE_STATIC_ASSERT_IMPL2(condition, line) typedef int static_assert_line_##line[(condition) ? 1 : -1]

int main() {
CONFIGURE_STATIC_ASSERT(sizeof(long) == 8)
; return 0; }
configure:5899: checking for -dead_strip option to ld
configure:5910: gcc -o conftest  -fno-strict-aliasing -fpascal-strings -fno-common   -framework Cocoa -Wl,-dead_strip conftest.c  1>&5
configure:7181: checking for ANSI C header files
configure:7194: gcc -E  conftest.c >/dev/null 2>conftest.out
configure:7261: gcc -o conftest  -fno-strict-aliasing -fpascal-strings -fno-common   -framework Cocoa conftest.c  1>&5
configure: In function 'main':
configure:7256: warning: incompatible implicit declaration of built-in function 'exit'
configure:7285: checking for working const
configure:7339: gcc -c  -fno-strict-aliasing -fpascal-strings -fno-common  conftest.c 1>&5
configure:7360: checking for mode_t
configure:7393: checking for off_t
configure:7426: checking for pid_t
configure:7459: checking for size_t
configure:7492: checking for st_blksize in struct stat
configure:7505: gcc -c  -fno-strict-aliasing -fpascal-strings -fno-common  conftest.c 1>&5
configure:7526: checking for siginfo_t
configure:7539: gcc -c  -fno-strict-aliasing -fpascal-strings -fno-common  conftest.c 1>&5
configure:7564: checking for stdint.h
configure:7574: gcc -E  conftest.c >/dev/null 2>conftest.out
configure:7810: checking for the size of void*
configure:7828: gcc -c  -fno-strict-aliasing -fpascal-strings -fno-common  conftest.c 1>&5
configure:7865: checking for the alignment of void*
configure:7886: gcc -c  -fno-strict-aliasing -fpascal-strings -fno-common  conftest.c 1>&5
configure: In function 'main':
configure:7880: error: size of array 'a' is negative
configure: failed program was:
#line 7873 "configure"
#include "confdefs.h"

                     #include <stddef.h>
                     struct aligner { char c; void* a; };
                   
int main() {

                     int a[offsetof(struct aligner, a) == 2 ? 1 : -1];
                     return;
                   
; return 0; }
configure:7886: gcc -c  -fno-strict-aliasing -fpascal-strings -fno-common  conftest.c 1>&5
configure:7909: checking for the size of double
configure:7927: gcc -c  -fno-strict-aliasing -fpascal-strings -fno-common  conftest.c 1>&5
configure: In function 'main':
configure:7921: error: size of array 'a' is negative
configure: failed program was:
#line 7917 "configure"
#include "confdefs.h"

int main() {

                     int a[sizeof (double) == 6 ? 1 : -1];
                     return;
                   
; return 0; }
configure:7927: gcc -c  -fno-strict-aliasing -fpascal-strings -fno-common  conftest.c 1>&5
configure:7950: checking for int16_t
configure:7963: gcc -c  -fno-strict-aliasing -fpascal-strings -fno-common  conftest.c 1>&5
configure:7985: checking for int32_t
configure:7998: gcc -c  -fno-strict-aliasing -fpascal-strings -fno-common  conftest.c 1>&5
configure:8020: checking for int64_t
configure:8033: gcc -c  -fno-strict-aliasing -fpascal-strings -fno-common  conftest.c 1>&5
configure:8055: checking for int64
configure:8068: gcc -c  -fno-strict-aliasing -fpascal-strings -fno-common  conftest.c 1>&5
configure: In function 'main':
configure:8064: error: 'int64' undeclared (first use in this function)
configure:8064: error: (Each undeclared identifier is reported only once
configure:8064: error: for each function it appears in.)
configure:8064: error: expected ';' before 'foo'
configure: failed program was:
#line 8060 "configure"
#include "confdefs.h"
#include <stdio.h>
                  #include <sys/types.h>
int main() {
int64 foo = 0;
; return 0; }
configure:8090: checking for uint
configure:8103: gcc -c  -fno-strict-aliasing -fpascal-strings -fno-common  conftest.c 1>&5
configure:8125: checking for uint_t
configure:8138: gcc -c  -fno-strict-aliasing -fpascal-strings -fno-common  conftest.c 1>&5
configure: In function 'main':
configure:8134: error: 'uint_t' undeclared (first use in this function)
configure:8134: error: (Each undeclared identifier is reported only once
configure:8134: error: for each function it appears in.)
configure:8134: error: expected ';' before 'foo'
configure: failed program was:
#line 8130 "configure"
#include "confdefs.h"
#include <stdio.h>
                  #include <sys/types.h>
int main() {
uint_t foo = 0;
; return 0; }
configure:8160: checking for uint16_t
configure:8173: gcc -c  -fno-strict-aliasing -fpascal-strings -fno-common  conftest.c 1>&5
configure: In function 'main':
configure:8169: error: 'uint16_t' undeclared (first use in this function)
configure:8169: error: (Each undeclared identifier is reported only once
configure:8169: error: for each function it appears in.)
configure:8169: error: expected ';' before 'foo'
configure: failed program was:
#line 8165 "configure"
#include "confdefs.h"
#include <stdio.h>
                  #include <sys/types.h>
int main() {
uint16_t foo = 0;
; return 0; }
configure:8204: checking for uname.domainname
configure:8217: g++ -c  -fno-strict-aliasing -fpascal-strings -fno-common  conftest.C 1>&5
configure: In function 'int main()':
configure:8213: error: 'struct utsname' has no member named 'domainname'
configure: failed program was:
#line 8209 "configure"
#include "confdefs.h"
#include <sys/utsname.h>
int main() {
 struct utsname *res; char *domain; 
            (void)uname(res);  if (res != 0) { domain = res->domainname; } 
; return 0; }
configure:8241: checking for uname.__domainname
configure:8254: g++ -c  -fno-strict-aliasing -fpascal-strings -fno-common  conftest.C 1>&5
configure: In function 'int main()':
configure:8250: error: 'struct utsname' has no member named '__domainname'
configure: failed program was:
#line 8246 "configure"
#include "confdefs.h"
#include <sys/utsname.h>
int main() {
 struct utsname *res; char *domain; 
            (void)uname(res);  if (res != 0) { domain = res->__domainname; } 
; return 0; }
configure:8287: checking for visibility(hidden) attribute
configure:8312: checking for visibility(default) attribute
configure:8337: checking for visibility pragma support
configure:8362: checking For gcc visibility bug with class-level attributes (GCC bug 26905)
configure:8390: checking For x86_64 gcc visibility bug with builtins (GCC bug 20297)
configure:8443: checking for dirent.h that defines DIR
configure:8456: gcc -c  -fno-strict-aliasing -fpascal-strings -fno-common  conftest.c 1>&5
configure:8481: checking for opendir in -ldir
configure:8500: gcc -o conftest  -fno-strict-aliasing -fpascal-strings -fno-common   -framework Cocoa conftest.c -ldir   1>&5
ld: library not found for -ldir
collect2: ld returned 1 exit status
configure: failed program was:
#line 8489 "configure"
#include "confdefs.h"
/* Override any gcc2 internal prototype to avoid an error.  */
/* We use char because int might match the return type of a gcc2
    builtin and then its argument prototype would still apply.  */
char opendir();

int main() {
opendir()
; return 0; }
configure:8573: checking for sys/byteorder.h
configure:8583: gcc -E  conftest.c >/dev/null 2>conftest.out
configure:8579:27: error: sys/byteorder.h: No such file or directory
configure: failed program was:
#line 8578 "configure"
#include "confdefs.h"
#include <sys/byteorder.h>
configure:8573: checking for compat.h
configure:8583: gcc -E  conftest.c >/dev/null 2>conftest.out
configure:8579:20: error: compat.h: No such file or directory
configure: failed program was:
#line 8578 "configure"
#include "confdefs.h"
#include <compat.h>
configure:8573: checking for getopt.h
configure:8583: gcc -E  conftest.c >/dev/null 2>conftest.out
configure:8613: checking for sys/bitypes.h
configure:8623: gcc -E  conftest.c >/dev/null 2>conftest.out
configure:8619:25: error: sys/bitypes.h: No such file or directory
configure: failed program was:
#line 8618 "configure"
#include "confdefs.h"
#include <sys/bitypes.h>
configure:8613: checking for memory.h
configure:8623: gcc -E  conftest.c >/dev/null 2>conftest.out
configure:8613: checking for unistd.h
configure:8623: gcc -E  conftest.c >/dev/null 2>conftest.out
configure:8653: checking for gnu/libc-version.h
configure:8663: gcc -E  conftest.c >/dev/null 2>conftest.out
configure:8659:30: error: gnu/libc-version.h: No such file or directory
configure: failed program was:
#line 8658 "configure"
#include "confdefs.h"
#include <gnu/libc-version.h>
configure:8653: checking for nl_types.h
configure:8663: gcc -E  conftest.c >/dev/null 2>conftest.out
configure:8693: checking for malloc.h
configure:8703: gcc -E  conftest.c >/dev/null 2>conftest.out
configure:8699:20: error: malloc.h: No such file or directory
configure: failed program was:
#line 8698 "configure"
#include "confdefs.h"
#include <malloc.h>
configure:8733: checking for X11/XKBlib.h
configure:8743: gcc -E  conftest.c >/dev/null 2>conftest.out
configure:8774: checking for sys/statvfs.h
configure:8784: gcc -E  conftest.c >/dev/null 2>conftest.out
configure:8774: checking for sys/statfs.h
configure:8784: gcc -E  conftest.c >/dev/null 2>conftest.out
configure:8780:24: error: sys/statfs.h: No such file or directory
configure: failed program was:
#line 8779 "configure"
#include "confdefs.h"
#include <sys/statfs.h>
configure:8774: checking for sys/vfs.h
configure:8784: gcc -E  conftest.c >/dev/null 2>conftest.out
configure:8780:21: error: sys/vfs.h: No such file or directory
configure: failed program was:
#line 8779 "configure"
#include "confdefs.h"
#include <sys/vfs.h>
configure:8774: checking for sys/mount.h
configure:8784: gcc -E  conftest.c >/dev/null 2>conftest.out
configure:8815: checking for mmintrin.h
configure:8825: gcc -E  conftest.c >/dev/null 2>conftest.out
configure:8862: checking for new
configure:8872:   conftest.C >/dev/null 2>conftest.out
./configure: line 8871: conftest.C: command not found
configure: failed program was:
#line 8867 "configure"
#include "confdefs.h"
#include <new>
configure:8964: checking for sys/cdefs.h
configure:8974: gcc -E  conftest.c >/dev/null 2>conftest.out
configure:9008: checking for gethostbyname_r in -lc_r
configure:9027: gcc -o conftest  -fno-strict-aliasing -fpascal-strings -fno-common   -framework Cocoa conftest.c -lc_r   1>&5
ld: library not found for -lc_r
collect2: ld returned 1 exit status
configure: failed program was:
#line 9016 "configure"
#include "confdefs.h"
/* Override any gcc2 internal prototype to avoid an error.  */
/* We use char because int might match the return type of a gcc2
    builtin and then its argument prototype would still apply.  */
char gethostbyname_r();

int main() {
gethostbyname_r()
; return 0; }
configure:9194: checking for dladdr
configure:9222: gcc -o conftest  -fno-strict-aliasing -fpascal-strings -fno-common -D_GNU_SOURCE   -framework Cocoa conftest.c  1>&5
configure:9352: checking for socket in -lsocket
configure:9371: gcc -o conftest  -fno-strict-aliasing -fpascal-strings -fno-common   -framework Cocoa conftest.c -lsocket   1>&5
ld: library not found for -lsocket
collect2: ld returned 1 exit status
configure: failed program was:
#line 9360 "configure"
#include "confdefs.h"
/* Override any gcc2 internal prototype to avoid an error.  */
/* We use char because int might match the return type of a gcc2
    builtin and then its argument prototype would still apply.  */
char socket();

int main() {
socket()
; return 0; }
configure:9534: checking whether gcc accepts -pthread
configure:9652: checking whether mmap() sees write()s
configure:9695: gcc -o conftest  -fno-strict-aliasing -fpascal-strings -fno-common -pthread    -framework Cocoa conftest.c  1>&5
configure:9720: checking whether gcc needs -traditional
configure:9745:20: error: termio.h: No such file or directory
configure:9766: checking for 8-bit clean memcmp
configure:9784: gcc -o conftest  -fno-strict-aliasing -fpascal-strings -fno-common -pthread    -framework Cocoa conftest.c  1>&5
configure: In function 'main':
configure:9779: warning: incompatible implicit declaration of built-in function 'exit'
configure:9807: checking for fchmod
configure:9835: gcc -o conftest  -fno-strict-aliasing -fpascal-strings -fno-common -pthread    -framework Cocoa conftest.c  1>&5
configure:9807: checking for flockfile
configure:9835: gcc -o conftest  -fno-strict-aliasing -fpascal-strings -fno-common -pthread    -framework Cocoa conftest.c  1>&5
configure:9807: checking for getc_unlocked
configure:9835: gcc -o conftest  -fno-strict-aliasing -fpascal-strings -fno-common -pthread    -framework Cocoa conftest.c  1>&5
configure:9807: checking for _getc_nolock
configure:9835: gcc -o conftest  -fno-strict-aliasing -fpascal-strings -fno-common -pthread    -framework Cocoa conftest.c  1>&5
Undefined symbols:
  "__getc_nolock", referenced from:
      _main in ccxbhshk.o
ld: symbol(s) not found
collect2: ld returned 1 exit status
configure: failed program was:
#line 9812 "configure"
#include "confdefs.h"
/* System header to define __stub macros and hopefully few prototypes,
    which can conflict with char _getc_nolock(); below.  */
#include <assert.h>
/* Override any gcc2 internal prototype to avoid an error.  */
/* We use char because int might match the return type of a gcc2
    builtin and then its argument prototype would still apply.  */
char _getc_nolock();

int main() {

/* The GNU C library defines this for functions which it implements
    to always fail with ENOSYS.  Some functions are actually named
    something starting with __ and the normal name is an alias.  */
#if defined (__stub__getc_nolock) || defined (__stub____getc_nolock)
choke me
#else
_getc_nolock();
#endif

; return 0; }
configure:9807: checking for getpagesize
configure:9835: gcc -o conftest  -fno-strict-aliasing -fpascal-strings -fno-common -pthread    -framework Cocoa conftest.c  1>&5
configure:9807: checking for lchown
configure:9835: gcc -o conftest  -fno-strict-aliasing -fpascal-strings -fno-common -pthread    -framework Cocoa conftest.c  1>&5
configure:9807: checking for localtime_r
configure:9835: gcc -o conftest  -fno-strict-aliasing -fpascal-strings -fno-common -pthread    -framework Cocoa conftest.c  1>&5
configure:9807: checking for lstat64
configure:9835: gcc -o conftest  -fno-strict-aliasing -fpascal-strings -fno-common -pthread    -framework Cocoa conftest.c  1>&5
configure:9807: checking for memmove
configure:9835: gcc -o conftest  -fno-strict-aliasing -fpascal-strings -fno-common -pthread    -framework Cocoa conftest.c  1>&5
configure:9819: warning: conflicting types for built-in function 'memmove'
configure:9807: checking for random
configure:9835: gcc -o conftest  -fno-strict-aliasing -fpascal-strings -fno-common -pthread    -framework Cocoa conftest.c  1>&5
configure:9807: checking for rint
configure:9835: gcc -o conftest  -fno-strict-aliasing -fpascal-strings -fno-common -pthread    -framework Cocoa conftest.c  1>&5
configure:9819: warning: conflicting types for built-in function 'rint'
configure:9807: checking for sbrk
configure:9835: gcc -o conftest  -fno-strict-aliasing -fpascal-strings -fno-common -pthread    -framework Cocoa conftest.c  1>&5
configure:9807: checking for snprintf
configure:9835: gcc -o conftest  -fno-strict-aliasing -fpascal-strings -fno-common -pthread    -framework Cocoa conftest.c  1>&5
configure:9819: warning: conflicting types for built-in function 'snprintf'
configure:9807: checking for stat64
configure:9835: gcc -o conftest  -fno-strict-aliasing -fpascal-strings -fno-common -pthread    -framework Cocoa conftest.c  1>&5
configure:9807: checking for statvfs
configure:9835: gcc -o conftest  -fno-strict-aliasing -fpascal-strings -fno-common -pthread    -framework Cocoa conftest.c  1>&5
configure:9807: checking for statvfs64
configure:9835: gcc -o conftest  -fno-strict-aliasing -fpascal-strings -fno-common -pthread    -framework Cocoa conftest.c  1>&5
Undefined symbols:
  "_statvfs64", referenced from:
      _main in ccm0oB6D.o
ld: symbol(s) not found
collect2: ld returned 1 exit status
configure: failed program was:
#line 9812 "configure"
#include "confdefs.h"
/* System header to define __stub macros and hopefully few prototypes,
    which can conflict with char statvfs64(); below.  */
#include <assert.h>
/* Override any gcc2 internal prototype to avoid an error.  */
/* We use char because int might match the return type of a gcc2
    builtin and then its argument prototype would still apply.  */
char statvfs64();

int main() {

/* The GNU C library defines this for functions which it implements
    to always fail with ENOSYS.  Some functions are actually named
    something starting with __ and the normal name is an alias.  */
#if defined (__stub_statvfs64) || defined (__stub___statvfs64)
choke me
#else
statvfs64();
#endif

; return 0; }
configure:9807: checking for strerror
configure:9835: gcc -o conftest  -fno-strict-aliasing -fpascal-strings -fno-common -pthread    -framework Cocoa conftest.c  1>&5
configure:9807: checking for strtok_r
configure:9835: gcc -o conftest  -fno-strict-aliasing -fpascal-strings -fno-common -pthread    -framework Cocoa conftest.c  1>&5
configure:9807: checking for truncate64
configure:9835: gcc -o conftest  -fno-strict-aliasing -fpascal-strings -fno-common -pthread    -framework Cocoa conftest.c  1>&5
Undefined symbols:
  "_truncate64", referenced from:
      _main in ccYA5WTl.o
ld: symbol(s) not found
collect2: ld returned 1 exit status
configure: failed program was:
#line 9812 "configure"
#include "confdefs.h"
/* System header to define __stub macros and hopefully few prototypes,
    which can conflict with char truncate64(); below.  */
#include <assert.h>
/* Override any gcc2 internal prototype to avoid an error.  */
/* We use char because int might match the return type of a gcc2
    builtin and then its argument prototype would still apply.  */
char truncate64();

int main() {

/* The GNU C library defines this for functions which it implements
    to always fail with ENOSYS.  Some functions are actually named
    something starting with __ and the normal name is an alias.  */
#if defined (__stub_truncate64) || defined (__stub___truncate64)
choke me
#else
truncate64();
#endif

; return 0; }
configure:9868: gcc -o conftest  -fno-strict-aliasing -fpascal-strings -fno-common -pthread    -framework Cocoa conftest.c  1>&5
configure:9862:21: error: windows.h: No such file or directory
configure: In function 'main':
configure:9864: error: 'SYSTEMTIME' undeclared (first use in this function)
configure:9864: error: (Each undeclared identifier is reported only once
configure:9864: error: for each function it appears in.)
configure:9864: error: expected ';' before 'st'
configure:9864: error: 'FILETIME' undeclared (first use in this function)
configure:9864: error: expected ';' before 'ft'
configure:9864: error: 'st' undeclared (first use in this function)
configure:9864: error: 'ft' undeclared (first use in this function)
configure: failed program was:
#line 9861 "configure"
#include "confdefs.h"
#include <windows.h>
int main() {
SYSTEMTIME st;FILETIME ft;SystemTimeToFileTime(&st,&ft);
; return 0; }
configure:9892: gcc -o conftest  -fno-strict-aliasing -fpascal-strings -fno-common -pthread    -framework Cocoa conftest.c  1>&5
configure:9886:21: error: windows.h: No such file or directory
configure: In function 'main':
configure:9888: error: 'FILETIME' undeclared (first use in this function)
configure:9888: error: (Each undeclared identifier is reported only once
configure:9888: error: for each function it appears in.)
configure:9888: error: expected ';' before 'ft'
configure:9888: error: 'ft' undeclared (first use in this function)
configure: failed program was:
#line 9885 "configure"
#include "confdefs.h"
#include <windows.h>
int main() {
FILETIME ft;GetSystemTimeAsFileTime(&ft);
; return 0; }
configure:9919: checking for wcrtomb
configure:9931: g++ -o conftest  -fno-strict-aliasing -fpascal-strings -fno-common -pthread    -framework Cocoa conftest.C  1>&5
configure:9951: checking for mbrtowc
configure:9963: g++ -o conftest  -fno-strict-aliasing -fpascal-strings -fno-common -pthread    -framework Cocoa conftest.C  1>&5
configure:9992: checking for res_ninit()
configure:10009: gcc -o conftest  -fno-strict-aliasing -fpascal-strings -fno-common -pthread    -framework Cocoa conftest.c  1>&5
Undefined symbols:
  "_res_9_ninit", referenced from:
      _main in ccZl9Gab.o
ld: symbol(s) not found
collect2: ld returned 1 exit status
configure: failed program was:
#line 9997 "configure"
#include "confdefs.h"

        #ifdef linux
        #define _BSD_SOURCE 1
        #endif
        #include <resolv.h>
        
int main() {
int foo = res_ninit(&_res);
; return 0; }
configure:10039: checking for gnu_get_libc_version()
configure:10055: g++ -o conftest  -fno-strict-aliasing -fpascal-strings -fno-common -pthread    -framework Cocoa conftest.C  1>&5
configure: In function 'int main()':
configure:10051: error: 'gnu_get_libc_version' was not declared in this scope
configure: failed program was:
#line 10044 "configure"
#include "confdefs.h"

        #ifdef HAVE_GNU_LIBC_VERSION_H
        #include <gnu/libc-version.h>
        #endif
        
int main() {
const char *glibc_version = gnu_get_libc_version();
; return 0; }
configure:10314: checking for an implementation of va_copy()
configure:10338: gcc -o conftest  -fno-strict-aliasing -fpascal-strings -fno-common -pthread    -framework Cocoa conftest.c  1>&5
configure: In function 'f':
configure:10332: warning: incompatible implicit declaration of built-in function 'exit'
configure:10355: checking for an implementation of __va_copy()
configure:10379: gcc -o conftest  -fno-strict-aliasing -fpascal-strings -fno-common -pthread    -framework Cocoa conftest.c  1>&5
configure: In function 'f':
configure:10373: warning: incompatible implicit declaration of built-in function 'exit'
configure:10396: checking whether va_lists can be copied by value
configure:10420: gcc -o conftest  -fno-strict-aliasing -fpascal-strings -fno-common -pthread    -framework Cocoa conftest.c  1>&5
configure: In function 'f':
configure:10414: warning: incompatible implicit declaration of built-in function 'exit'
configure:10519: checking for C++ exceptions flag
configure:10554: checking for gcc 3.0 ABI
configure:10572: g++ -c  -fno-strict-aliasing -fpascal-strings -fno-common -pthread  conftest.C 1>&5
configure:10596: checking for C++ "explicit" keyword
configure:10611: g++ -c  -fno-strict-aliasing -fpascal-strings -fno-common -pthread  conftest.C 1>&5
configure:10632: checking for C++ "typename" keyword
configure:10656: g++ -c  -fno-strict-aliasing -fpascal-strings -fno-common -pthread  conftest.C 1>&5
configure:10677: checking for modern C++ template specialization syntax support
configure:10692: g++ -c  -fno-strict-aliasing -fpascal-strings -fno-common -pthread  conftest.C 1>&5
configure:10714: checking whether partial template specialization works
configure:10727: g++ -c  -fno-strict-aliasing -fpascal-strings -fno-common -pthread  conftest.C 1>&5
configure:10748: checking whether operators must be re-defined for templates derived from templates
configure:10765: g++ -c  -fno-strict-aliasing -fpascal-strings -fno-common -pthread  conftest.C 1>&5
configure:10787: checking whether we need to cast a derived template to pass as its base class
configure:10801: g++ -c  -fno-strict-aliasing -fpascal-strings -fno-common -pthread  conftest.C 1>&5
configure:10822: checking whether the compiler can resolve const ambiguities for templates
configure:10848: g++ -c  -fno-strict-aliasing -fpascal-strings -fno-common -pthread  conftest.C 1>&5
configure:10870: checking whether the C++ "using" keyword can change access
configure:10883: g++ -c  -fno-strict-aliasing -fpascal-strings -fno-common -pthread  conftest.C 1>&5
configure:10894: g++ -c  -fno-strict-aliasing -fpascal-strings -fno-common -pthread  conftest.C 1>&5
configure: In function 'int main()':
configure:10887: error: 'int A::foo()' is inaccessible
configure:10890: error: within this context
configure: failed program was:
#line 10886 "configure"
#include "confdefs.h"
class A { public: int foo() { return 1; } };
                       class B : public A { private: using A::foo; };
int main() {
B b; return b.foo();
; return 0; }
configure:10922: checking whether the C++ "using" keyword resolves ambiguity
configure:10943: g++ -c  -fno-strict-aliasing -fpascal-strings -fno-common -pthread  conftest.C 1>&5
configure:10964: checking for "std::" namespace
configure:10976: g++ -c  -fno-strict-aliasing -fpascal-strings -fno-common -pthread  conftest.C 1>&5
configure:10997: checking whether standard template operator!=() is ambiguous
configure:11012: g++ -c  -fno-strict-aliasing -fpascal-strings -fno-common -pthread  conftest.C 1>&5
configure:11034: checking for C++ reinterpret_cast
configure:11047: g++ -c  -fno-strict-aliasing -fpascal-strings -fno-common -pthread  conftest.C 1>&5
configure:11068: checking for C++ dynamic_cast to void*
configure:11095: g++ -o conftest  -fno-strict-aliasing -fpascal-strings -fno-common -pthread    -framework Cocoa conftest.C  1>&5
configure:11119: checking whether C++ requires implementation of unused virtual methods
configure:11131: g++ -o conftest  -fno-strict-aliasing -fpascal-strings -fno-common -pthread    -framework Cocoa conftest.C  1>&5
Undefined symbols:
  "vtable for X", referenced from:
      __ZTV1X$non_lazy_ptr in cc74uKGY.o
ld: symbol(s) not found
collect2: ld returned 1 exit status
configure: failed program was:
#line 11124 "configure"
#include "confdefs.h"
class X {private: virtual void never_called();};
int main() {
X x;
; return 0; }
configure:11154: checking for trouble comparing to zero near std::operator!=()
configure:11170: g++ -c  -fno-strict-aliasing -fpascal-strings -fno-common -pthread  conftest.C 1>&5
configure:11202: checking for LC_MESSAGES
configure:11214: gcc -c  -fno-strict-aliasing -fpascal-strings -fno-common -pthread  conftest.c 1>&5
configure:11614: checking for valid optimization flags
configure:11625: gcc -c  -fno-strict-aliasing -fpascal-strings -fno-common -pthread -O3  conftest.c 1>&5
configure:12398: checking for __cxa_demangle
configure:12429: g++ -o conftest  -fno-strict-aliasing -fpascal-strings -fno-common -pthread    -framework Cocoa conftest.C  1>&5
configure:12477: checking for unwind.h
configure:12487: gcc -E  conftest.c >/dev/null 2>conftest.out
configure:12506: checking for _Unwind_Backtrace
configure:12534: gcc -o conftest  -fno-strict-aliasing -fpascal-strings -fno-common -pthread    -framework Cocoa conftest.c  1>&5
configure:12583: checking for gcc -pipe support
dummy-hello.c:2:21: warning: missing terminating " character
dummy-hello.c: In function 'main':
dummy-hello.c:2: error: missing terminating " character
dummy-hello.c:3:1: warning: missing terminating " character
dummy-hello.c:3: error: missing terminating " character
dummy-hello.c:3: error: expected expression at end of input
dummy-hello.c:3: warning: format not a string literal and no format arguments
dummy-hello.c:3: error: expected declaration or statement at end of input
configure:12605: gcc -c  -fno-strict-aliasing -fpascal-strings -fno-common -pthread -pipe  conftest.c 1>&5
configure:12647: checking whether compiler supports -Wno-long-long
configure:12656: gcc -c  -fno-strict-aliasing -fpascal-strings -fno-common -pthread -pipe -Wno-long-long  conftest.c 1>&5
configure:12692: checking whether C compiler supports -fprofile-generate
configure:12701: gcc -c  -fno-strict-aliasing -fpascal-strings -fno-common -pthread -pipe -fprofile-generate  conftest.c 1>&5
configure:12834: checking for correct temporary object destruction order
configure:12862: g++ -o conftest  -fno-strict-aliasing -fpascal-strings -fno-common -pthread -pipe    -framework Cocoa conftest.C  1>&5
configure:12883: checking for correct overload resolution with const and templates
configure:12918: g++ -c  -fno-strict-aliasing -fpascal-strings -fno-common -pthread -pipe  -Wall -Wpointer-arith -Woverloaded-virtual -Wsynth -Wno-ctor-dtor-privacy -Wno-non-virtual-dtor -Wcast-align -Wno-invalid-offsetof -Wno-variadic-macros -Wno-long-long  conftest.C 1>&5
configure:12941: checking for tm_zone tm_gmtoff in struct tm
configure:12953: g++ -c  -fno-strict-aliasing -fpascal-strings -fno-common -pthread -pipe  conftest.C 1>&5
configure:13519: checking for setlocale
configure:13547: gcc -o conftest -Wall -W -Wno-unused -Wpointer-arith -Wcast-align -W -Wno-long-long -fno-strict-aliasing -fpascal-strings -fno-common -pthread -pipe    -framework Cocoa conftest.c  1>&5
